<?xml version="1.0" encoding="UTF-8"?>
<testng-results ignored="0" total="4" passed="4" failed="0" skipped="0">
  <reporter-output>
  </reporter-output>
  <suite started-at="2024-05-16T15:29:18 IST" name="Default suite" finished-at="2024-05-16T15:29:36 IST" duration-ms="17661">
    <groups>
      <group name="cucumber">
        <method signature="AbstractTestNGCucumberTests.runScenario(io.cucumber.testng.PickleWrapper,io.cucumber.testng.FeatureWrapper)[pri:0, instance:runnerPackage.RunnerFiles@793f29ff]" name="runScenario" class="io.cucumber.testng.AbstractTestNGCucumberTests"/>
      </group> <!-- cucumber -->
    </groups>
    <test started-at="2024-05-16T15:29:18 IST" name="Default test" finished-at="2024-05-16T15:29:36 IST" duration-ms="17661">
      <class name="runnerPackage.RunnerFiles">
        <test-method is-config="true" signature="setUpClass(org.testng.ITestContext)[pri:0, instance:runnerPackage.RunnerFiles@793f29ff]" started-at="2024-05-16T15:29:18 IST" name="setUpClass" finished-at="2024-05-16T15:29:18 IST" duration-ms="473" status="PASS">
          <params>
            <param index="0">
              <value>
                <![CDATA[org.testng.TestRunner@3d9fc57a]]>
              </value>
            </param>
          </params>
          <reporter-output>
          </reporter-output>
        </test-method> <!-- setUpClass -->
        <test-method signature="runScenario(io.cucumber.testng.PickleWrapper,io.cucumber.testng.FeatureWrapper)[pri:0, instance:runnerPackage.RunnerFiles@793f29ff]" started-at="2024-05-16T15:29:18 IST" name="runScenario" description="Runs Cucumber Scenarios" data-provider="scenarios" finished-at="2024-05-16T15:29:33 IST" duration-ms="14500" status="PASS">
          <params>
            <param index="0">
              <value>
                <![CDATA["Product availability check in both home page and offer page"]]>
              </value>
            </param>
            <param index="1">
              <value>
                <![CDATA["GreenKart application product validation in home and offer page"]]>
              </value>
            </param>
          </params>
          <reporter-output>
          </reporter-output>
        </test-method> <!-- runScenario -->
        <test-method signature="runScenario(io.cucumber.testng.PickleWrapper,io.cucumber.testng.FeatureWrapper)[pri:0, instance:runnerPackage.RunnerFiles@793f29ff]" started-at="2024-05-16T15:29:18 IST" name="runScenario" description="Runs Cucumber Scenarios" data-provider="scenarios" finished-at="2024-05-16T15:29:33 IST" duration-ms="14710" status="PASS">
          <params>
            <param index="0">
              <value>
                <![CDATA[""]]>
              </value>
            </param>
            <param index="1">
              <value>
                <![CDATA["Add a product of three quantity and checkout the product"]]>
              </value>
            </param>
          </params>
          <reporter-output>
          </reporter-output>
        </test-method> <!-- runScenario -->
        <test-method signature="runScenario(io.cucumber.testng.PickleWrapper,io.cucumber.testng.FeatureWrapper)[pri:0, instance:runnerPackage.RunnerFiles@793f29ff]" started-at="2024-05-16T15:29:18 IST" name="runScenario" description="Runs Cucumber Scenarios" data-provider="scenarios" finished-at="2024-05-16T15:29:34 IST" duration-ms="15553" status="PASS">
          <params>
            <param index="0">
              <value>
                <![CDATA[""]]>
              </value>
            </param>
            <param index="1">
              <value>
                <![CDATA["Add a product of three quantity and checkout the product"]]>
              </value>
            </param>
          </params>
          <reporter-output>
          </reporter-output>
        </test-method> <!-- runScenario -->
        <test-method signature="runScenario(io.cucumber.testng.PickleWrapper,io.cucumber.testng.FeatureWrapper)[pri:0, instance:runnerPackage.RunnerFiles@793f29ff]" started-at="2024-05-16T15:29:18 IST" name="runScenario" description="Runs Cucumber Scenarios" data-provider="scenarios" finished-at="2024-05-16T15:29:35 IST" duration-ms="17051" status="PASS">
          <params>
            <param index="0">
              <value>
                <![CDATA["Product availability check in both home page and offer page"]]>
              </value>
            </param>
            <param index="1">
              <value>
                <![CDATA["GreenKart application product validation in home and offer page"]]>
              </value>
            </param>
          </params>
          <reporter-output>
          </reporter-output>
        </test-method> <!-- runScenario -->
        <test-method is-config="true" signature="tearDownClass()[pri:0, instance:runnerPackage.RunnerFiles@793f29ff]" started-at="2024-05-16T15:29:35 IST" name="tearDownClass" finished-at="2024-05-16T15:29:36 IST" duration-ms="90" status="PASS">
          <reporter-output>
          </reporter-output>
        </test-method> <!-- tearDownClass -->
      </class> <!-- runnerPackage.RunnerFiles -->
    </test> <!-- Default test -->
  </suite> <!-- Default suite -->
</testng-results>
